<?xml version="1.0" encoding="UTF-8"?>
<testsuite name="CreateCustomerTest" tests="1" skipped="0" failures="0" errors="0" timestamp="2022-05-06T00:06:46" hostname="Saads-MacBook-Pro.local" time="3.632">
  <properties/>
  <testcase name="getAccessTokenPayPal" classname="CreateCustomerTest" time="3.632"/>
  <system-out><![CDATA[{
    "scope": "https://uri.paypal.com/services/invoicing https://uri.paypal.com/services/vault/payment-tokens/read https://uri.paypal.com/services/disputes/read-buyer https://uri.paypal.com/services/payments/realtimepayment https://uri.paypal.com/services/disputes/update-seller https://uri.paypal.com/services/payments/payment/authcapture openid https://uri.paypal.com/services/disputes/read-seller Braintree:Vault https://uri.paypal.com/services/payments/refund https://api.paypal.com/v1/vault/credit-card https://api.paypal.com/v1/payments/.* https://uri.paypal.com/payments/payouts https://uri.paypal.com/services/vault/payment-tokens/readwrite https://api.paypal.com/v1/vault/credit-card/.* https://uri.paypal.com/services/subscriptions https://uri.paypal.com/services/applications/webhooks",
    "access_token": "A21AAKkmgiymh5V2_uBqjmMZp8NAOlNykuVqysT6idHeq8OsY7WgTGLGO0q4I6tKe7YgoFGqNIeL7JnfvVFJ-dfd_WiC1N09A",
    "token_type": "Bearer",
    "app_id": "APP-80W284485P519543T",
    "expires_in": 32400,
    "nonce": "2022-05-06T00:06:49ZMNYlGRTpueEzaoAGOX3hXPSKlPIwVBG3Ag019eE8zXQ"
}
{
    "scope": "https://uri.paypal.com/services/invoicing https://uri.paypal.com/services/vault/payment-tokens/read https://uri.paypal.com/services/disputes/read-buyer https://uri.paypal.com/services/payments/realtimepayment https://uri.paypal.com/services/disputes/update-seller https://uri.paypal.com/services/payments/payment/authcapture openid https://uri.paypal.com/services/disputes/read-seller Braintree:Vault https://uri.paypal.com/services/payments/refund https://api.paypal.com/v1/vault/credit-card https://api.paypal.com/v1/payments/.* https://uri.paypal.com/payments/payouts https://uri.paypal.com/services/vault/payment-tokens/readwrite https://api.paypal.com/v1/vault/credit-card/.* https://uri.paypal.com/services/subscriptions https://uri.paypal.com/services/applications/webhooks",
    "access_token": "A21AAKkmgiymh5V2_uBqjmMZp8NAOlNykuVqysT6idHeq8OsY7WgTGLGO0q4I6tKe7YgoFGqNIeL7JnfvVFJ-dfd_WiC1N09A",
    "token_type": "Bearer",
    "app_id": "APP-80W284485P519543T",
    "expires_in": 32400,
    "nonce": "2022-05-06T00:06:49ZMNYlGRTpueEzaoAGOX3hXPSKlPIwVBG3Ag019eE8zXQ"
}
io.restassured.internal.RestAssuredResponseImpl@69e80a91
]]></system-out>
  <system-err><![CDATA[]]></system-err>
</testsuite>
